[19:21:54] [ServerMain/INFO]: [bootstrap] Running Java 21 (OpenJDK 64-Bit Server VM 21.0.8+9-Ubuntu-0ubuntu124.04.1; Ubuntu null) on Linux 6.8.0-1030-azure (amd64)
[19:21:54] [ServerMain/INFO]: [bootstrap] Loading Paper 1.21.8-6-main@782ce95 (2025-07-18T20:26:58Z) for Minecraft 1.21.8
[19:21:54] [ServerMain/INFO]: [PluginInitializerManager] Initializing plugins...
[19:21:58] [ServerMain/INFO]: [PluginInitializerManager] Initialized 4 plugins
[19:21:58] [ServerMain/INFO]: [PluginInitializerManager] Bukkit plugins (4):
 - Geyser-Spigot (2.8.4-SNAPSHOT), ViaBackwards (5.0.3), ViaVersion (5.0.3), floodgate (2.2.4-SNAPSHOT (b119-d5be877))
[19:22:06] [ServerMain/INFO]: Environment: Environment[sessionHost=https://sessionserver.mojang.com, servicesHost=https://api.minecraftservices.com, name=PROD]
[19:22:09] [ServerMain/INFO]: Loaded 1407 recipes
[19:22:09] [ServerMain/INFO]: Loaded 1520 advancements
[19:22:09] [ServerMain/INFO]: [ca.spottedleaf.dataconverter.minecraft.datatypes.MCTypeRegistry] Initialising converters for DataConverter...
[19:22:10] [ServerMain/INFO]: [ca.spottedleaf.dataconverter.minecraft.datatypes.MCTypeRegistry] Finished initialising converters for DataConverter in 650.6ms
[19:22:10] [Server thread/INFO]: Starting minecraft server version 1.21.8
[19:22:10] [Server thread/INFO]: Loading properties
[19:22:10] [Server thread/INFO]: This server is running Paper version 1.21.8-6-main@782ce95 (2025-07-18T20:26:58Z) (Implementing API version 1.21.8-R0.1-SNAPSHOT)
[19:22:10] [Server thread/INFO]: [spark] This server bundles the spark profiler. For more information please visit https://docs.papermc.io/paper/profiling
[19:22:10] [Server thread/INFO]: Server Ping Player Sample Count: 12
[19:22:10] [Server thread/INFO]: Using 4 threads for Netty based IO
[19:22:12] [Server thread/INFO]: [MoonriseCommon] Paper is using 1 worker threads, 1 I/O threads
[19:22:12] [Server thread/INFO]: [ChunkTaskScheduler] Chunk system is using population gen parallelism: true
[19:22:12] [Server thread/INFO]: Default game type: SURVIVAL
[19:22:12] [Server thread/INFO]: Generating keypair
[19:22:12] [Server thread/INFO]: Starting Minecraft server on *:25565
[19:22:13] [Server thread/INFO]: Using epoll channel type
[19:22:13] [Server thread/INFO]: Paper: Using libdeflate (Linux x86_64) compression from Velocity.
[19:22:13] [Server thread/INFO]: Paper: Using OpenSSL 3.x.x (Linux x86_64) cipher from Velocity.
[19:22:14] [Server thread/INFO]: [ViaVersion] Loading server plugin ViaVersion v5.0.3
[19:22:14] [Server thread/INFO]: [ViaVersion] ViaVersion 5.0.3 is now loaded. Registering protocol transformers and injecting...
[19:22:15] [Via-Mappingloader-0/INFO]: [ViaVersion] Loading block connection mappings ...
[19:22:15] [Via-Mappingloader-0/INFO]: [ViaVersion] Using FastUtil Long2ObjectOpenHashMap for block connections
[19:22:15] [Server thread/INFO]: [ViaBackwards] Loading translations...
[19:22:15] [Server thread/INFO]: [ViaBackwards] Registering protocols...
[19:22:16] [Server thread/INFO]: [floodgate] Loading server plugin floodgate v2.2.4-SNAPSHOT (b119-d5be877)
[19:22:17] [Server thread/WARN]: [floodgate] en_ is not a supported Floodgate language.
[19:22:18] [Server thread/INFO]: [floodgate] Took 1,467ms to boot Floodgate
[19:22:18] [Server thread/INFO]: [ViaBackwards] Loading server plugin ViaBackwards v5.0.3
[19:22:18] [Server thread/INFO]: [Geyser-Spigot] Loading server plugin Geyser-Spigot v2.8.4-SNAPSHOT
[19:22:19] [Server thread/INFO]: [Geyser-Spigot] Loading extensions...
[19:22:19] [Server thread/INFO]: [Geyser-Spigot] Loaded 0 extension(s)
[19:22:19] [Server thread/INFO]: Server permissions file permissions.yml is empty, ignoring it
[19:22:19] [Server thread/WARN]: **** SERVER IS RUNNING IN OFFLINE/INSECURE MODE!
[19:22:19] [Server thread/WARN]: The server will make no attempt to authenticate usernames. Beware.
[19:22:19] [Server thread/WARN]: While this makes the game possible to play without internet access, it also opens up the ability for hackers to connect with any username they choose.
[19:22:19] [Server thread/WARN]: To change this, set "online-mode" to "true" in the server.properties file.
[19:22:19] [Server thread/INFO]: Preparing level "world"
[19:22:19] [Server thread/INFO]: Preparing start region for dimension minecraft:overworld
[19:22:20] [Server thread/INFO]: Preparing spawn area: 0%
[19:22:20] [Server thread/INFO]: Preparing spawn area: 0%
[19:22:21] [Server thread/INFO]: Preparing spawn area: 0%
[19:22:21] [Server thread/INFO]: Preparing spawn area: 0%
[19:22:21] [Server thread/INFO]: Time elapsed: 1935 ms
[19:22:21] [Server thread/INFO]: Preparing start region for dimension minecraft:the_nether
[19:22:21] [Server thread/INFO]: Preparing spawn area: 0%
[19:22:22] [Server thread/INFO]: Time elapsed: 351 ms
[19:22:22] [Server thread/INFO]: Preparing start region for dimension minecraft:the_end
[19:22:22] [Server thread/INFO]: Preparing spawn area: 0%
[19:22:22] [Server thread/INFO]: Time elapsed: 229 ms
[19:22:22] [Server thread/INFO]: [ViaVersion] Enabling ViaVersion v5.0.3
[19:22:22] [Server thread/INFO]: [ViaVersion] ViaVersion detected server version: Unknown (772) (772)
[19:22:22] [Server thread/WARN]: [ViaVersion] ViaVersion does not have any compatible versions for this server version!
[19:22:22] [Server thread/WARN]: [ViaVersion] Please remember that ViaVersion only adds support for versions newer than the server version.
[19:22:22] [Server thread/WARN]: [ViaVersion] If you need support for older versions you may need to use one or more ViaVersion addons too.
[19:22:22] [Server thread/WARN]: [ViaVersion] In that case please read the ViaVersion resource page carefully or use https://viaversion.com/setup
[19:22:22] [Server thread/WARN]: [ViaVersion] and if you're still unsure, feel free to join our Discord-Server for further assistance.
[19:22:22] [Server thread/INFO]: [floodgate] Enabling floodgate v2.2.4-SNAPSHOT (b119-d5be877)
[19:22:23] [Server thread/INFO]: [ViaBackwards] Enabling ViaBackwards v5.0.3
[19:22:23] [Server thread/INFO]: [Geyser-Spigot] Enabling Geyser-Spigot v2.8.4-SNAPSHOT
[19:22:26] [Server thread/INFO]: [spark] Starting background profiler...
[19:22:27] [Server thread/INFO]: [Geyser-Spigot] ******************************************
[19:22:27] [Server thread/INFO]: [Geyser-Spigot] 
[19:22:27] [Server thread/INFO]: [Geyser-Spigot] Loading Geyser version 2.8.4-b944 (git-master-71803c0)
[19:22:27] [Server thread/INFO]: [Geyser-Spigot] 
[19:22:27] [Server thread/INFO]: [Geyser-Spigot] ******************************************
[19:22:34] [GeyserServer-3-1/INFO]: [Geyser-Spigot] Started Geyser on UDP port 6694
[19:22:34] [Server thread/INFO]: [Geyser-Spigot] Done (7.229s)! Run /geyser help for help!
[19:22:35] [Server thread/INFO]: Done preparing level "world" (16.144s)
[19:22:35] [Server thread/INFO]: Running delayed init tasks
[19:22:35] [Craft Scheduler Thread - 2 - ViaVersion/INFO]: [ViaVersion] Finished mapping loading, shutting down loader executor!
[19:22:35] [Server thread/INFO]: Done (42.795s)! For help, type "help"
[19:22:35] [Server thread/WARN]: [ViaVersion] There is a newer plugin version available: 5.5.0, you're on: 5.0.3
